2024-08-24 14:50:50,158 [Worker-1: Loading available Gradle versions] INFO  o.e.b.c.i.u.g.PublishedGradleVersions - Gradle version information cache is out-of-date. Trying to update.
2024-08-24 14:53:10,004 [Worker-2: Loading available Gradle versions] INFO  o.e.b.c.i.u.g.PublishedGradleVersions - Gradle version information cache is up-to-date. Trying to read.
2024-08-24 14:54:26,143 [Worker-18: Launching mavenrun-a28a8747-e1e7-4e48-9ec2-f6a4625c52ff] INFO  o.eclipse.m2e.core.internal.Bundles - getClasspathEntries(Bundle=org.eclipse.m2e.maven.runtime_3.9.700.20240602-2313 [299])
2024-08-24 14:54:26,148 [Worker-18: Launching mavenrun-a28a8747-e1e7-4e48-9ec2-f6a4625c52ff] INFO  o.eclipse.m2e.core.internal.Bundles - 	Entry: C:\Users\Lenovo\.p2\pool\plugins\org.eclipse.m2e.maven.runtime_3.9.700.20240602-2313
2024-08-24 14:54:26,149 [Worker-18: Launching mavenrun-a28a8747-e1e7-4e48-9ec2-f6a4625c52ff] INFO  o.eclipse.m2e.core.internal.Bundles - 	Entry: C:\Users\Lenovo\.p2\pool\plugins\org.eclipse.m2e.maven.runtime_3.9.700.20240602-2313\jars\aopalliance-1.0.jar
2024-08-24 14:54:26,149 [Worker-18: Launching mavenrun-a28a8747-e1e7-4e48-9ec2-f6a4625c52ff] INFO  o.eclipse.m2e.core.internal.Bundles - 	Entry: C:\Users\Lenovo\.p2\pool\plugins\org.eclipse.m2e.maven.runtime_3.9.700.20240602-2313\jars\guice-5.1.0.jar
2024-08-24 14:54:26,149 [Worker-18: Launching mavenrun-a28a8747-e1e7-4e48-9ec2-f6a4625c52ff] INFO  o.eclipse.m2e.core.internal.Bundles - 	Entry: C:\Users\Lenovo\.p2\pool\plugins\org.eclipse.m2e.maven.runtime_3.9.700.20240602-2313\jars\httpclient-4.5.14.jar
2024-08-24 14:54:26,151 [Worker-18: Launching mavenrun-a28a8747-e1e7-4e48-9ec2-f6a4625c52ff] INFO  o.eclipse.m2e.core.internal.Bundles - 	Entry: C:\Users\Lenovo\.p2\pool\plugins\org.eclipse.m2e.maven.runtime_3.9.700.20240602-2313\jars\httpcore-4.4.16.jar
2024-08-24 14:54:26,151 [Worker-18: Launching mavenrun-a28a8747-e1e7-4e48-9ec2-f6a4625c52ff] INFO  o.eclipse.m2e.core.internal.Bundles - 	Entry: C:\Users\Lenovo\.p2\pool\plugins\org.eclipse.m2e.maven.runtime_3.9.700.20240602-2313\jars\jansi-2.4.1.jar
2024-08-24 14:54:26,151 [Worker-18: Launching mavenrun-a28a8747-e1e7-4e48-9ec2-f6a4625c52ff] INFO  o.eclipse.m2e.core.internal.Bundles - 	Entry: C:\Users\Lenovo\.p2\pool\plugins\org.eclipse.m2e.maven.runtime_3.9.700.20240602-2313\jars\jcl-over-slf4j-1.7.36.jar
2024-08-24 14:54:26,151 [Worker-18: Launching mavenrun-a28a8747-e1e7-4e48-9ec2-f6a4625c52ff] INFO  o.eclipse.m2e.core.internal.Bundles - 	Entry: C:\Users\Lenovo\.p2\pool\plugins\org.eclipse.m2e.maven.runtime_3.9.700.20240602-2313\jars\maven-artifact-3.9.7.jar
2024-08-24 14:54:26,152 [Worker-18: Launching mavenrun-a28a8747-e1e7-4e48-9ec2-f6a4625c52ff] INFO  o.eclipse.m2e.core.internal.Bundles - 	Entry: C:\Users\Lenovo\.p2\pool\plugins\org.eclipse.m2e.maven.runtime_3.9.700.20240602-2313\jars\maven-builder-support-3.9.7.jar
2024-08-24 14:54:26,152 [Worker-18: Launching mavenrun-a28a8747-e1e7-4e48-9ec2-f6a4625c52ff] INFO  o.eclipse.m2e.core.internal.Bundles - 	Entry: C:\Users\Lenovo\.p2\pool\plugins\org.eclipse.m2e.maven.runtime_3.9.700.20240602-2313\jars\maven-compat-3.9.7.jar
2024-08-24 14:54:26,152 [Worker-18: Launching mavenrun-a28a8747-e1e7-4e48-9ec2-f6a4625c52ff] INFO  o.eclipse.m2e.core.internal.Bundles - 	Entry: C:\Users\Lenovo\.p2\pool\plugins\org.eclipse.m2e.maven.runtime_3.9.700.20240602-2313\jars\maven-core-3.9.7.jar
2024-08-24 14:54:26,152 [Worker-18: Launching mavenrun-a28a8747-e1e7-4e48-9ec2-f6a4625c52ff] INFO  o.eclipse.m2e.core.internal.Bundles - 	Entry: C:\Users\Lenovo\.p2\pool\plugins\org.eclipse.m2e.maven.runtime_3.9.700.20240602-2313\jars\maven-embedder-3.9.7.jar
2024-08-24 14:54:26,152 [Worker-18: Launching mavenrun-a28a8747-e1e7-4e48-9ec2-f6a4625c52ff] INFO  o.eclipse.m2e.core.internal.Bundles - 	Entry: C:\Users\Lenovo\.p2\pool\plugins\org.eclipse.m2e.maven.runtime_3.9.700.20240602-2313\jars\maven-model-3.9.7.jar
2024-08-24 14:54:26,153 [Worker-18: Launching mavenrun-a28a8747-e1e7-4e48-9ec2-f6a4625c52ff] INFO  o.eclipse.m2e.core.internal.Bundles - 	Entry: C:\Users\Lenovo\.p2\pool\plugins\org.eclipse.m2e.maven.runtime_3.9.700.20240602-2313\jars\maven-model-builder-3.9.7.jar
2024-08-24 14:54:26,153 [Worker-18: Launching mavenrun-a28a8747-e1e7-4e48-9ec2-f6a4625c52ff] INFO  o.eclipse.m2e.core.internal.Bundles - 	Entry: C:\Users\Lenovo\.p2\pool\plugins\org.eclipse.m2e.maven.runtime_3.9.700.20240602-2313\jars\maven-plugin-api-3.9.7.jar
2024-08-24 14:54:26,153 [Worker-18: Launching mavenrun-a28a8747-e1e7-4e48-9ec2-f6a4625c52ff] INFO  o.eclipse.m2e.core.internal.Bundles - 	Entry: C:\Users\Lenovo\.p2\pool\plugins\org.eclipse.m2e.maven.runtime_3.9.700.20240602-2313\jars\maven-repository-metadata-3.9.7.jar
2024-08-24 14:54:26,153 [Worker-18: Launching mavenrun-a28a8747-e1e7-4e48-9ec2-f6a4625c52ff] INFO  o.eclipse.m2e.core.internal.Bundles - 	Entry: C:\Users\Lenovo\.p2\pool\plugins\org.eclipse.m2e.maven.runtime_3.9.700.20240602-2313\jars\maven-resolver-api-1.9.20.jar
2024-08-24 14:54:26,153 [Worker-18: Launching mavenrun-a28a8747-e1e7-4e48-9ec2-f6a4625c52ff] INFO  o.eclipse.m2e.core.internal.Bundles - 	Entry: C:\Users\Lenovo\.p2\pool\plugins\org.eclipse.m2e.maven.runtime_3.9.700.20240602-2313\jars\maven-resolver-connector-basic-1.9.20.jar
2024-08-24 14:54:26,153 [Worker-18: Launching mavenrun-a28a8747-e1e7-4e48-9ec2-f6a4625c52ff] INFO  o.eclipse.m2e.core.internal.Bundles - 	Entry: C:\Users\Lenovo\.p2\pool\plugins\org.eclipse.m2e.maven.runtime_3.9.700.20240602-2313\jars\maven-resolver-impl-1.9.20.jar
2024-08-24 14:54:26,154 [Worker-18: Launching mavenrun-a28a8747-e1e7-4e48-9ec2-f6a4625c52ff] INFO  o.eclipse.m2e.core.internal.Bundles - 	Entry: C:\Users\Lenovo\.p2\pool\plugins\org.eclipse.m2e.maven.runtime_3.9.700.20240602-2313\jars\maven-resolver-named-locks-1.9.20.jar
2024-08-24 14:54:26,154 [Worker-18: Launching mavenrun-a28a8747-e1e7-4e48-9ec2-f6a4625c52ff] INFO  o.eclipse.m2e.core.internal.Bundles - 	Entry: C:\Users\Lenovo\.p2\pool\plugins\org.eclipse.m2e.maven.runtime_3.9.700.20240602-2313\jars\maven-resolver-provider-3.9.7.jar
2024-08-24 14:54:26,154 [Worker-18: Launching mavenrun-a28a8747-e1e7-4e48-9ec2-f6a4625c52ff] INFO  o.eclipse.m2e.core.internal.Bundles - 	Entry: C:\Users\Lenovo\.p2\pool\plugins\org.eclipse.m2e.maven.runtime_3.9.700.20240602-2313\jars\maven-resolver-spi-1.9.20.jar
2024-08-24 14:54:26,154 [Worker-18: Launching mavenrun-a28a8747-e1e7-4e48-9ec2-f6a4625c52ff] INFO  o.eclipse.m2e.core.internal.Bundles - 	Entry: C:\Users\Lenovo\.p2\pool\plugins\org.eclipse.m2e.maven.runtime_3.9.700.20240602-2313\jars\maven-resolver-transport-file-1.9.20.jar
2024-08-24 14:54:26,155 [Worker-18: Launching mavenrun-a28a8747-e1e7-4e48-9ec2-f6a4625c52ff] INFO  o.eclipse.m2e.core.internal.Bundles - 	Entry: C:\Users\Lenovo\.p2\pool\plugins\org.eclipse.m2e.maven.runtime_3.9.700.20240602-2313\jars\maven-resolver-transport-http-1.9.20.jar
2024-08-24 14:54:26,155 [Worker-18: Launching mavenrun-a28a8747-e1e7-4e48-9ec2-f6a4625c52ff] INFO  o.eclipse.m2e.core.internal.Bundles - 	Entry: C:\Users\Lenovo\.p2\pool\plugins\org.eclipse.m2e.maven.runtime_3.9.700.20240602-2313\jars\maven-resolver-transport-wagon-1.9.20.jar
2024-08-24 14:54:26,155 [Worker-18: Launching mavenrun-a28a8747-e1e7-4e48-9ec2-f6a4625c52ff] INFO  o.eclipse.m2e.core.internal.Bundles - 	Entry: C:\Users\Lenovo\.p2\pool\plugins\org.eclipse.m2e.maven.runtime_3.9.700.20240602-2313\jars\maven-resolver-util-1.9.20.jar
2024-08-24 14:54:26,156 [Worker-18: Launching mavenrun-a28a8747-e1e7-4e48-9ec2-f6a4625c52ff] INFO  o.eclipse.m2e.core.internal.Bundles - 	Entry: C:\Users\Lenovo\.p2\pool\plugins\org.eclipse.m2e.maven.runtime_3.9.700.20240602-2313\jars\maven-settings-3.9.7.jar
2024-08-24 14:54:26,156 [Worker-18: Launching mavenrun-a28a8747-e1e7-4e48-9ec2-f6a4625c52ff] INFO  o.eclipse.m2e.core.internal.Bundles - 	Entry: C:\Users\Lenovo\.p2\pool\plugins\org.eclipse.m2e.maven.runtime_3.9.700.20240602-2313\jars\maven-settings-builder-3.9.7.jar
2024-08-24 14:54:26,156 [Worker-18: Launching mavenrun-a28a8747-e1e7-4e48-9ec2-f6a4625c52ff] INFO  o.eclipse.m2e.core.internal.Bundles - 	Entry: C:\Users\Lenovo\.p2\pool\plugins\org.eclipse.m2e.maven.runtime_3.9.700.20240602-2313\jars\maven-shared-utils-3.4.2.jar
2024-08-24 14:54:26,157 [Worker-18: Launching mavenrun-a28a8747-e1e7-4e48-9ec2-f6a4625c52ff] INFO  o.eclipse.m2e.core.internal.Bundles - 	Entry: C:\Users\Lenovo\.p2\pool\plugins\org.eclipse.m2e.maven.runtime_3.9.700.20240602-2313\jars\org.eclipse.sisu.inject-0.9.0.M2.jar
2024-08-24 14:54:26,157 [Worker-18: Launching mavenrun-a28a8747-e1e7-4e48-9ec2-f6a4625c52ff] INFO  o.eclipse.m2e.core.internal.Bundles - 	Entry: C:\Users\Lenovo\.p2\pool\plugins\org.eclipse.m2e.maven.runtime_3.9.700.20240602-2313\jars\org.eclipse.sisu.plexus-0.9.0.M2.jar
2024-08-24 14:54:26,158 [Worker-18: Launching mavenrun-a28a8747-e1e7-4e48-9ec2-f6a4625c52ff] INFO  o.eclipse.m2e.core.internal.Bundles - 	Entry: C:\Users\Lenovo\.p2\pool\plugins\org.eclipse.m2e.maven.runtime_3.9.700.20240602-2313\jars\plexus-build-api-0.0.7.jar
2024-08-24 14:54:26,158 [Worker-18: Launching mavenrun-a28a8747-e1e7-4e48-9ec2-f6a4625c52ff] INFO  o.eclipse.m2e.core.internal.Bundles - 	Entry: C:\Users\Lenovo\.p2\pool\plugins\org.eclipse.m2e.maven.runtime_3.9.700.20240602-2313\jars\plexus-build-api-1.2.0.jar
2024-08-24 14:54:26,158 [Worker-18: Launching mavenrun-a28a8747-e1e7-4e48-9ec2-f6a4625c52ff] INFO  o.eclipse.m2e.core.internal.Bundles - 	Entry: C:\Users\Lenovo\.p2\pool\plugins\org.eclipse.m2e.maven.runtime_3.9.700.20240602-2313\jars\plexus-cipher-2.0.jar
2024-08-24 14:54:26,159 [Worker-18: Launching mavenrun-a28a8747-e1e7-4e48-9ec2-f6a4625c52ff] INFO  o.eclipse.m2e.core.internal.Bundles - 	Entry: C:\Users\Lenovo\.p2\pool\plugins\org.eclipse.m2e.maven.runtime_3.9.700.20240602-2313\jars\plexus-classworlds-2.8.0.jar
2024-08-24 14:54:26,159 [Worker-18: Launching mavenrun-a28a8747-e1e7-4e48-9ec2-f6a4625c52ff] INFO  o.eclipse.m2e.core.internal.Bundles - 	Entry: C:\Users\Lenovo\.p2\pool\plugins\org.eclipse.m2e.maven.runtime_3.9.700.20240602-2313\jars\plexus-component-annotations-2.1.0.jar
2024-08-24 14:54:26,159 [Worker-18: Launching mavenrun-a28a8747-e1e7-4e48-9ec2-f6a4625c52ff] INFO  o.eclipse.m2e.core.internal.Bundles - 	Entry: C:\Users\Lenovo\.p2\pool\plugins\org.eclipse.m2e.maven.runtime_3.9.700.20240602-2313\jars\plexus-interpolation-1.27.jar
2024-08-24 14:54:26,160 [Worker-18: Launching mavenrun-a28a8747-e1e7-4e48-9ec2-f6a4625c52ff] INFO  o.eclipse.m2e.core.internal.Bundles - 	Entry: C:\Users\Lenovo\.p2\pool\plugins\org.eclipse.m2e.maven.runtime_3.9.700.20240602-2313\jars\plexus-sec-dispatcher-2.0.jar
2024-08-24 14:54:26,160 [Worker-18: Launching mavenrun-a28a8747-e1e7-4e48-9ec2-f6a4625c52ff] INFO  o.eclipse.m2e.core.internal.Bundles - 	Entry: C:\Users\Lenovo\.p2\pool\plugins\org.eclipse.m2e.maven.runtime_3.9.700.20240602-2313\jars\plexus-utils-3.5.1.jar
2024-08-24 14:54:26,160 [Worker-18: Launching mavenrun-a28a8747-e1e7-4e48-9ec2-f6a4625c52ff] INFO  o.eclipse.m2e.core.internal.Bundles - 	Entry: C:\Users\Lenovo\.p2\pool\plugins\org.eclipse.m2e.maven.runtime_3.9.700.20240602-2313\jars\wagon-file-3.5.3.jar
2024-08-24 14:54:26,161 [Worker-18: Launching mavenrun-a28a8747-e1e7-4e48-9ec2-f6a4625c52ff] INFO  o.eclipse.m2e.core.internal.Bundles - 	Entry: C:\Users\Lenovo\.p2\pool\plugins\org.eclipse.m2e.maven.runtime_3.9.700.20240602-2313\jars\wagon-http-3.5.3.jar
2024-08-24 14:54:26,161 [Worker-18: Launching mavenrun-a28a8747-e1e7-4e48-9ec2-f6a4625c52ff] INFO  o.eclipse.m2e.core.internal.Bundles - 	Entry: C:\Users\Lenovo\.p2\pool\plugins\org.eclipse.m2e.maven.runtime_3.9.700.20240602-2313\jars\wagon-http-shared-3.5.3.jar
2024-08-24 14:54:26,161 [Worker-18: Launching mavenrun-a28a8747-e1e7-4e48-9ec2-f6a4625c52ff] INFO  o.eclipse.m2e.core.internal.Bundles - 	Entry: C:\Users\Lenovo\.p2\pool\plugins\org.eclipse.m2e.maven.runtime_3.9.700.20240602-2313\jars\wagon-provider-api-3.5.3.jar
2024-08-24 14:54:26,165 [Worker-18: Launching mavenrun-a28a8747-e1e7-4e48-9ec2-f6a4625c52ff] INFO  o.eclipse.m2e.core.internal.Bundles - getClasspathEntries(Bundle=com.google.guava_33.2.0.jre [10])
2024-08-24 14:54:26,166 [Worker-18: Launching mavenrun-a28a8747-e1e7-4e48-9ec2-f6a4625c52ff] INFO  o.eclipse.m2e.core.internal.Bundles - 	Entry: C:\Users\Lenovo\.p2\pool\plugins\com.google.guava_33.2.0.jre.jar
2024-08-24 14:54:26,166 [Worker-18: Launching mavenrun-a28a8747-e1e7-4e48-9ec2-f6a4625c52ff] INFO  o.eclipse.m2e.core.internal.Bundles - getClasspathEntries(Bundle=slf4j.api_2.0.13 [520])
2024-08-24 14:54:26,167 [Worker-18: Launching mavenrun-a28a8747-e1e7-4e48-9ec2-f6a4625c52ff] INFO  o.eclipse.m2e.core.internal.Bundles - 	Entry: C:\Users\Lenovo\.p2\pool\plugins\slf4j.api_2.0.13.jar
2024-08-24 14:54:26,167 [Worker-18: Launching mavenrun-a28a8747-e1e7-4e48-9ec2-f6a4625c52ff] INFO  o.eclipse.m2e.core.internal.Bundles - getClasspathEntries(Bundle=jakarta.inject.jakarta.inject-api_1.0.5 [21])
2024-08-24 14:54:26,168 [Worker-18: Launching mavenrun-a28a8747-e1e7-4e48-9ec2-f6a4625c52ff] INFO  o.eclipse.m2e.core.internal.Bundles - 	Entry: C:\Users\Lenovo\.p2\pool\plugins\jakarta.inject.jakarta.inject-api_1.0.5.jar
2024-08-24 14:54:26,168 [Worker-18: Launching mavenrun-a28a8747-e1e7-4e48-9ec2-f6a4625c52ff] INFO  o.eclipse.m2e.core.internal.Bundles - getClasspathEntries(Bundle=javax.annotation_1.3.5.v20200909-1856 [24])
2024-08-24 14:54:26,168 [Worker-18: Launching mavenrun-a28a8747-e1e7-4e48-9ec2-f6a4625c52ff] INFO  o.eclipse.m2e.core.internal.Bundles - 	Entry: C:\Users\Lenovo\.p2\pool\plugins\javax.annotation_1.3.5.v20200909-1856.jar
2024-08-24 14:54:26,168 [Worker-18: Launching mavenrun-a28a8747-e1e7-4e48-9ec2-f6a4625c52ff] INFO  o.eclipse.m2e.core.internal.Bundles - getClasspathEntries(Bundle=org.apache.commons.cli_1.8.0 [47])
2024-08-24 14:54:26,169 [Worker-18: Launching mavenrun-a28a8747-e1e7-4e48-9ec2-f6a4625c52ff] INFO  o.eclipse.m2e.core.internal.Bundles - 	Entry: C:\Users\Lenovo\.p2\pool\plugins\org.apache.commons.cli_1.8.0.jar
2024-08-24 14:54:26,169 [Worker-18: Launching mavenrun-a28a8747-e1e7-4e48-9ec2-f6a4625c52ff] INFO  o.eclipse.m2e.core.internal.Bundles - getClasspathEntries(Bundle=org.apache.commons.commons-codec_1.16.0 [48])
2024-08-24 14:54:26,170 [Worker-18: Launching mavenrun-a28a8747-e1e7-4e48-9ec2-f6a4625c52ff] INFO  o.eclipse.m2e.core.internal.Bundles - 	Entry: C:\Users\Lenovo\.p2\pool\plugins\org.apache.commons.commons-codec_1.16.0.jar
2024-08-24 14:54:26,170 [Worker-18: Launching mavenrun-a28a8747-e1e7-4e48-9ec2-f6a4625c52ff] INFO  o.eclipse.m2e.core.internal.Bundles - getClasspathEntries(Bundle=org.apache.commons.lang3_3.14.0 [54])
2024-08-24 14:54:26,171 [Worker-18: Launching mavenrun-a28a8747-e1e7-4e48-9ec2-f6a4625c52ff] INFO  o.eclipse.m2e.core.internal.Bundles - 	Entry: C:\Users\Lenovo\.p2\pool\plugins\org.apache.commons.lang3_3.14.0.jar
2024-08-24 14:54:26,171 [Worker-18: Launching mavenrun-a28a8747-e1e7-4e48-9ec2-f6a4625c52ff] INFO  o.eclipse.m2e.core.internal.Bundles - getClasspathEntries(Bundle=com.google.guava.failureaccess_1.0.2 [11])
2024-08-24 14:54:26,172 [Worker-18: Launching mavenrun-a28a8747-e1e7-4e48-9ec2-f6a4625c52ff] INFO  o.eclipse.m2e.core.internal.Bundles - 	Entry: C:\Users\Lenovo\.p2\pool\plugins\com.google.guava.failureaccess_1.0.2.jar
2024-08-24 14:54:26,183 [Worker-18: Launching mavenrun-a28a8747-e1e7-4e48-9ec2-f6a4625c52ff] INFO  o.e.m.i.launch.MavenLaunchDelegate - Run build in "C:\Users\Lenovo\AppData\Local\Temp\m2e-archetypeGenerator16298595338645150177":
2024-08-24 14:54:26,191 [Worker-18: Launching mavenrun-a28a8747-e1e7-4e48-9ec2-f6a4625c52ff] INFO  o.e.m.i.launch.MavenLaunchDelegate -  mvn  -DarchetypeGroupId=org.apache.maven.archetypes -DarchetypeArtifactId=maven-archetype-quickstart -DarchetypeVersion=1.1 -DgroupId=PageOjjectModelTest -DartifactId=PageObjectModelTest -Dversion=0.0.1-SNAPSHOT -Dpackage=PageOjjectModelTest.PageObjectModelTest -DoutputDirectory=C:\Users\Lenovo\Desktop\PageObjectModelTestPractice -Dstyle.color=always -U archetype:generate
2024-08-24 14:54:41,180 [Worker-14: Creating maven-archetype-quickstart] INFO  o.e.m.c.i.p.ProjectConfigurationManager - Collecting project info '/pom.xml' C:\Users\Lenovo\Desktop\PageObjectModelTestPractice\PageObjectModelTest\pom.xml
2024-08-24 14:54:42,033 [Worker-14: Creating maven-archetype-quickstart] INFO  o.e.m.c.i.l.LifecycleMappingFactory - Using org.eclipse.m2e.jdt.JarLifecycleMapping lifecycle mapping for MavenProject: PageOjjectModelTest:PageObjectModelTest:0.0.1-SNAPSHOT @ C:\Users\Lenovo\Desktop\PageObjectModelTestPractice\PageObjectModelTest\pom.xml.
2024-08-24 14:54:43,055 [Worker-14: Creating maven-archetype-quickstart] INFO  o.e.m.j.i.AbstractJavaProjectConfigurator - Adding source folder /PageObjectModelTest/src/main/java
2024-08-24 14:54:43,059 [Worker-14: Creating maven-archetype-quickstart] INFO  o.e.m.j.i.AbstractJavaProjectConfigurator - Adding resource folder /PageObjectModelTest/src/main/resources
2024-08-24 14:54:43,068 [Worker-14: Creating maven-archetype-quickstart] INFO  o.e.m.j.i.AbstractJavaProjectConfigurator - Adding source folder /PageObjectModelTest/src/test/java
2024-08-24 14:54:43,070 [Worker-14: Creating maven-archetype-quickstart] INFO  o.e.m.j.i.AbstractJavaProjectConfigurator - Adding resource folder /PageObjectModelTest/src/test/resources
2024-08-24 14:54:43,280 [Worker-14: Creating maven-archetype-quickstart] INFO  o.e.m.c.i.p.ProjectConfigurationManager - Imported and configured 1 project(s) in 2 sec
2024-08-24 14:54:44,081 [Worker-8: Building] INFO  o.a.m.s.f.DefaultMavenResourcesFiltering - skip non existing resourceDirectory C:\Users\Lenovo\Desktop\PageObjectModelTestPractice\PageObjectModelTest\src\main\resources
2024-08-24 14:54:44,087 [Worker-8: Building] INFO  o.a.m.s.f.DefaultMavenResourcesFiltering - skip non existing resourceDirectory C:\Users\Lenovo\Desktop\PageObjectModelTestPractice\PageObjectModelTest\src\test\resources
2024-08-24 15:00:13,813 [Worker-5: Loading available Gradle versions] INFO  o.e.b.c.i.u.g.PublishedGradleVersions - Gradle version information cache is up-to-date. Trying to read.
2024-08-24 15:00:20,789 [Worker-8: Building] INFO  o.e.m.c.i.l.LifecycleMappingFactory - Using org.eclipse.m2e.jdt.JarLifecycleMapping lifecycle mapping for MavenProject: PageOjjectModelTest:PageObjectModelTest:0.0.1-SNAPSHOT @ C:\Users\Lenovo\Desktop\PageObjectModelTestPractice\PageObjectModelTest\pom.xml.
2024-08-24 15:00:22,583 [Worker-8: Building] INFO  o.a.m.s.f.DefaultMavenResourcesFiltering - skip non existing resourceDirectory C:\Users\Lenovo\Desktop\PageObjectModelTestPractice\PageObjectModelTest\src\main\resources
2024-08-24 15:00:22,592 [Worker-8: Building] INFO  o.a.m.s.f.DefaultMavenResourcesFiltering - skip non existing resourceDirectory C:\Users\Lenovo\Desktop\PageObjectModelTestPractice\PageObjectModelTest\src\test\resources
2024-08-24 15:00:23,980 [Worker-22: Building] INFO  o.a.m.s.f.DefaultMavenResourcesFiltering - skip non existing resourceDirectory C:\Users\Lenovo\Desktop\PageObjectModelTestPractice\PageObjectModelTest\src\main\resources
2024-08-24 15:00:23,985 [Worker-22: Building] INFO  o.a.m.s.f.DefaultMavenResourcesFiltering - skip non existing resourceDirectory C:\Users\Lenovo\Desktop\PageObjectModelTestPractice\PageObjectModelTest\src\test\resources
2024-08-25 14:40:22,457 [Worker-30: Building] INFO  o.a.m.s.f.DefaultMavenResourcesFiltering - skip non existing resourceDirectory C:\Users\Lenovo\Desktop\PageObjectModelTestPractice\PageObjectModelTest\src\main\resources
2024-08-25 14:40:22,460 [Worker-30: Building] INFO  o.a.m.s.f.DefaultMavenResourcesFiltering - skip non existing resourceDirectory C:\Users\Lenovo\Desktop\PageObjectModelTestPractice\PageObjectModelTest\src\test\resources
2024-08-25 14:43:23,396 [Worker-33: Building] INFO  o.a.m.s.f.DefaultMavenResourcesFiltering - skip non existing resourceDirectory C:\Users\Lenovo\Desktop\PageObjectModelTestPractice\PageObjectModelTest\src\main\resources
2024-08-25 14:43:23,398 [Worker-33: Building] INFO  o.a.m.s.f.DefaultMavenResourcesFiltering - skip non existing resourceDirectory C:\Users\Lenovo\Desktop\PageObjectModelTestPractice\PageObjectModelTest\src\test\resources
2024-08-25 14:43:40,801 [Worker-9: Building] INFO  o.a.m.s.f.DefaultMavenResourcesFiltering - skip non existing resourceDirectory C:\Users\Lenovo\Desktop\PageObjectModelTestPractice\PageObjectModelTest\src\main\resources
2024-08-25 14:43:40,803 [Worker-9: Building] INFO  o.a.m.s.f.DefaultMavenResourcesFiltering - skip non existing resourceDirectory C:\Users\Lenovo\Desktop\PageObjectModelTestPractice\PageObjectModelTest\src\test\resources
2024-08-25 14:44:41,068 [Worker-33: Building] INFO  o.a.m.s.f.DefaultMavenResourcesFiltering - skip non existing resourceDirectory C:\Users\Lenovo\Desktop\PageObjectModelTestPractice\PageObjectModelTest\src\main\resources
2024-08-25 14:44:41,070 [Worker-33: Building] INFO  o.a.m.s.f.DefaultMavenResourcesFiltering - skip non existing resourceDirectory C:\Users\Lenovo\Desktop\PageObjectModelTestPractice\PageObjectModelTest\src\test\resources
2024-08-25 14:56:40,321 [Worker-9: Building] INFO  o.a.m.s.f.DefaultMavenResourcesFiltering - skip non existing resourceDirectory C:\Users\Lenovo\Desktop\PageObjectModelTestPractice\PageObjectModelTest\src\main\resources
2024-08-25 14:56:40,325 [Worker-9: Building] INFO  o.a.m.s.f.DefaultMavenResourcesFiltering - skip non existing resourceDirectory C:\Users\Lenovo\Desktop\PageObjectModelTestPractice\PageObjectModelTest\src\test\resources
2024-08-25 14:58:35,170 [Worker-18: Building] INFO  o.a.m.s.f.DefaultMavenResourcesFiltering - skip non existing resourceDirectory C:\Users\Lenovo\Desktop\PageObjectModelTestPractice\PageObjectModelTest\src\main\resources
2024-08-25 14:58:35,173 [Worker-18: Building] INFO  o.a.m.s.f.DefaultMavenResourcesFiltering - skip non existing resourceDirectory C:\Users\Lenovo\Desktop\PageObjectModelTestPractice\PageObjectModelTest\src\test\resources
2024-08-25 14:59:53,193 [Worker-18: Building] INFO  o.a.m.s.f.DefaultMavenResourcesFiltering - skip non existing resourceDirectory C:\Users\Lenovo\Desktop\PageObjectModelTestPractice\PageObjectModelTest\src\main\resources
2024-08-25 14:59:53,195 [Worker-18: Building] INFO  o.a.m.s.f.DefaultMavenResourcesFiltering - skip non existing resourceDirectory C:\Users\Lenovo\Desktop\PageObjectModelTestPractice\PageObjectModelTest\src\test\resources
2024-08-25 15:00:10,804 [Worker-9: Building] INFO  o.a.m.s.f.DefaultMavenResourcesFiltering - skip non existing resourceDirectory C:\Users\Lenovo\Desktop\PageObjectModelTestPractice\PageObjectModelTest\src\main\resources
2024-08-25 15:00:10,806 [Worker-9: Building] INFO  o.a.m.s.f.DefaultMavenResourcesFiltering - skip non existing resourceDirectory C:\Users\Lenovo\Desktop\PageObjectModelTestPractice\PageObjectModelTest\src\test\resources
2024-08-25 15:03:38,001 [Worker-18: Building] INFO  o.a.m.s.f.DefaultMavenResourcesFiltering - skip non existing resourceDirectory C:\Users\Lenovo\Desktop\PageObjectModelTestPractice\PageObjectModelTest\src\main\resources
2024-08-25 15:03:38,003 [Worker-18: Building] INFO  o.a.m.s.f.DefaultMavenResourcesFiltering - skip non existing resourceDirectory C:\Users\Lenovo\Desktop\PageObjectModelTestPractice\PageObjectModelTest\src\test\resources
2024-08-25 15:03:50,418 [Worker-9: Building] INFO  o.a.m.s.f.DefaultMavenResourcesFiltering - skip non existing resourceDirectory C:\Users\Lenovo\Desktop\PageObjectModelTestPractice\PageObjectModelTest\src\main\resources
2024-08-25 15:03:50,419 [Worker-9: Building] INFO  o.a.m.s.f.DefaultMavenResourcesFiltering - skip non existing resourceDirectory C:\Users\Lenovo\Desktop\PageObjectModelTestPractice\PageObjectModelTest\src\test\resources
2024-08-25 15:04:54,613 [Worker-30: Building] INFO  o.a.m.s.f.DefaultMavenResourcesFiltering - skip non existing resourceDirectory C:\Users\Lenovo\Desktop\PageObjectModelTestPractice\PageObjectModelTest\src\main\resources
2024-08-25 15:04:54,616 [Worker-30: Building] INFO  o.a.m.s.f.DefaultMavenResourcesFiltering - skip non existing resourceDirectory C:\Users\Lenovo\Desktop\PageObjectModelTestPractice\PageObjectModelTest\src\test\resources
2024-08-25 15:05:12,423 [Worker-35: Building] INFO  o.a.m.s.f.DefaultMavenResourcesFiltering - skip non existing resourceDirectory C:\Users\Lenovo\Desktop\PageObjectModelTestPractice\PageObjectModelTest\src\main\resources
2024-08-25 15:05:12,424 [Worker-35: Building] INFO  o.a.m.s.f.DefaultMavenResourcesFiltering - skip non existing resourceDirectory C:\Users\Lenovo\Desktop\PageObjectModelTestPractice\PageObjectModelTest\src\test\resources
2024-08-25 15:05:47,347 [Worker-9: Building] INFO  o.a.m.s.f.DefaultMavenResourcesFiltering - skip non existing resourceDirectory C:\Users\Lenovo\Desktop\PageObjectModelTestPractice\PageObjectModelTest\src\main\resources
2024-08-25 15:05:47,349 [Worker-9: Building] INFO  o.a.m.s.f.DefaultMavenResourcesFiltering - skip non existing resourceDirectory C:\Users\Lenovo\Desktop\PageObjectModelTestPractice\PageObjectModelTest\src\test\resources
2024-08-25 15:05:50,947 [Worker-30: Building] INFO  o.a.m.s.f.DefaultMavenResourcesFiltering - skip non existing resourceDirectory C:\Users\Lenovo\Desktop\PageObjectModelTestPractice\PageObjectModelTest\src\main\resources
2024-08-25 15:05:50,950 [Worker-30: Building] INFO  o.a.m.s.f.DefaultMavenResourcesFiltering - skip non existing resourceDirectory C:\Users\Lenovo\Desktop\PageObjectModelTestPractice\PageObjectModelTest\src\test\resources
2024-08-25 15:06:27,622 [Worker-34: Building] INFO  o.a.m.s.f.DefaultMavenResourcesFiltering - skip non existing resourceDirectory C:\Users\Lenovo\Desktop\PageObjectModelTestPractice\PageObjectModelTest\src\main\resources
2024-08-25 15:06:27,624 [Worker-34: Building] INFO  o.a.m.s.f.DefaultMavenResourcesFiltering - skip non existing resourceDirectory C:\Users\Lenovo\Desktop\PageObjectModelTestPractice\PageObjectModelTest\src\test\resources
2024-08-25 15:07:37,837 [Worker-9: Building] INFO  o.a.m.s.f.DefaultMavenResourcesFiltering - skip non existing resourceDirectory C:\Users\Lenovo\Desktop\PageObjectModelTestPractice\PageObjectModelTest\src\main\resources
2024-08-25 15:07:37,840 [Worker-9: Building] INFO  o.a.m.s.f.DefaultMavenResourcesFiltering - skip non existing resourceDirectory C:\Users\Lenovo\Desktop\PageObjectModelTestPractice\PageObjectModelTest\src\test\resources
2024-08-25 15:07:51,694 [Worker-35: Building] INFO  o.a.m.s.f.DefaultMavenResourcesFiltering - skip non existing resourceDirectory C:\Users\Lenovo\Desktop\PageObjectModelTestPractice\PageObjectModelTest\src\main\resources
2024-08-25 15:07:51,696 [Worker-35: Building] INFO  o.a.m.s.f.DefaultMavenResourcesFiltering - skip non existing resourceDirectory C:\Users\Lenovo\Desktop\PageObjectModelTestPractice\PageObjectModelTest\src\test\resources
2024-08-25 15:08:58,326 [Worker-35: Building] INFO  o.a.m.s.f.DefaultMavenResourcesFiltering - skip non existing resourceDirectory C:\Users\Lenovo\Desktop\PageObjectModelTestPractice\PageObjectModelTest\src\main\resources
2024-08-25 15:08:58,329 [Worker-35: Building] INFO  o.a.m.s.f.DefaultMavenResourcesFiltering - skip non existing resourceDirectory C:\Users\Lenovo\Desktop\PageObjectModelTestPractice\PageObjectModelTest\src\test\resources
2024-08-25 15:12:10,717 [Worker-35: Building] INFO  o.a.m.s.f.DefaultMavenResourcesFiltering - skip non existing resourceDirectory C:\Users\Lenovo\Desktop\PageObjectModelTestPractice\PageObjectModelTest\src\main\resources
2024-08-25 15:12:10,718 [Worker-35: Building] INFO  o.a.m.s.f.DefaultMavenResourcesFiltering - skip non existing resourceDirectory C:\Users\Lenovo\Desktop\PageObjectModelTestPractice\PageObjectModelTest\src\test\resources
2024-08-25 15:13:20,788 [Worker-37: Building] INFO  o.a.m.s.f.DefaultMavenResourcesFiltering - skip non existing resourceDirectory C:\Users\Lenovo\Desktop\PageObjectModelTestPractice\PageObjectModelTest\src\main\resources
2024-08-25 15:13:20,789 [Worker-37: Building] INFO  o.a.m.s.f.DefaultMavenResourcesFiltering - skip non existing resourceDirectory C:\Users\Lenovo\Desktop\PageObjectModelTestPractice\PageObjectModelTest\src\test\resources
2024-08-25 15:16:04,422 [Worker-34: Building] INFO  o.a.m.s.f.DefaultMavenResourcesFiltering - skip non existing resourceDirectory C:\Users\Lenovo\Desktop\PageObjectModelTestPractice\PageObjectModelTest\src\main\resources
2024-08-25 15:16:04,426 [Worker-34: Building] INFO  o.a.m.s.f.DefaultMavenResourcesFiltering - skip non existing resourceDirectory C:\Users\Lenovo\Desktop\PageObjectModelTestPractice\PageObjectModelTest\src\test\resources
2024-08-25 15:16:26,289 [Worker-37: Building] INFO  o.a.m.s.f.DefaultMavenResourcesFiltering - skip non existing resourceDirectory C:\Users\Lenovo\Desktop\PageObjectModelTestPractice\PageObjectModelTest\src\main\resources
2024-08-25 15:16:26,291 [Worker-37: Building] INFO  o.a.m.s.f.DefaultMavenResourcesFiltering - skip non existing resourceDirectory C:\Users\Lenovo\Desktop\PageObjectModelTestPractice\PageObjectModelTest\src\test\resources
2024-08-25 15:17:23,743 [Worker-30: Building] INFO  o.a.m.s.f.DefaultMavenResourcesFiltering - skip non existing resourceDirectory C:\Users\Lenovo\Desktop\PageObjectModelTestPractice\PageObjectModelTest\src\main\resources
2024-08-25 15:17:23,745 [Worker-30: Building] INFO  o.a.m.s.f.DefaultMavenResourcesFiltering - skip non existing resourceDirectory C:\Users\Lenovo\Desktop\PageObjectModelTestPractice\PageObjectModelTest\src\test\resources
2024-08-25 15:17:37,748 [Worker-38: Building] INFO  o.a.m.s.f.DefaultMavenResourcesFiltering - skip non existing resourceDirectory C:\Users\Lenovo\Desktop\PageObjectModelTestPractice\PageObjectModelTest\src\main\resources
2024-08-25 15:17:37,749 [Worker-38: Building] INFO  o.a.m.s.f.DefaultMavenResourcesFiltering - skip non existing resourceDirectory C:\Users\Lenovo\Desktop\PageObjectModelTestPractice\PageObjectModelTest\src\test\resources
2024-08-25 15:20:05,633 [Worker-37: Building] INFO  o.a.m.s.f.DefaultMavenResourcesFiltering - skip non existing resourceDirectory C:\Users\Lenovo\Desktop\PageObjectModelTestPractice\PageObjectModelTest\src\main\resources
2024-08-25 15:20:05,635 [Worker-37: Building] INFO  o.a.m.s.f.DefaultMavenResourcesFiltering - skip non existing resourceDirectory C:\Users\Lenovo\Desktop\PageObjectModelTestPractice\PageObjectModelTest\src\test\resources
2024-08-25 15:20:56,380 [Worker-37: Building] INFO  o.a.m.s.f.DefaultMavenResourcesFiltering - skip non existing resourceDirectory C:\Users\Lenovo\Desktop\PageObjectModelTestPractice\PageObjectModelTest\src\main\resources
2024-08-25 15:20:56,381 [Worker-37: Building] INFO  o.a.m.s.f.DefaultMavenResourcesFiltering - skip non existing resourceDirectory C:\Users\Lenovo\Desktop\PageObjectModelTestPractice\PageObjectModelTest\src\test\resources
2024-08-25 15:21:44,951 [Worker-38: Building] INFO  o.a.m.s.f.DefaultMavenResourcesFiltering - skip non existing resourceDirectory C:\Users\Lenovo\Desktop\PageObjectModelTestPractice\PageObjectModelTest\src\main\resources
2024-08-25 15:21:44,953 [Worker-38: Building] INFO  o.a.m.s.f.DefaultMavenResourcesFiltering - skip non existing resourceDirectory C:\Users\Lenovo\Desktop\PageObjectModelTestPractice\PageObjectModelTest\src\test\resources
2024-08-25 15:22:34,169 [Worker-37: Building] INFO  o.a.m.s.f.DefaultMavenResourcesFiltering - skip non existing resourceDirectory C:\Users\Lenovo\Desktop\PageObjectModelTestPractice\PageObjectModelTest\src\main\resources
2024-08-25 15:22:34,172 [Worker-37: Building] INFO  o.a.m.s.f.DefaultMavenResourcesFiltering - skip non existing resourceDirectory C:\Users\Lenovo\Desktop\PageObjectModelTestPractice\PageObjectModelTest\src\test\resources
2024-08-25 15:22:57,089 [Worker-30: Building] INFO  o.a.m.s.f.DefaultMavenResourcesFiltering - skip non existing resourceDirectory C:\Users\Lenovo\Desktop\PageObjectModelTestPractice\PageObjectModelTest\src\main\resources
2024-08-25 15:22:57,091 [Worker-30: Building] INFO  o.a.m.s.f.DefaultMavenResourcesFiltering - skip non existing resourceDirectory C:\Users\Lenovo\Desktop\PageObjectModelTestPractice\PageObjectModelTest\src\test\resources
2024-08-25 15:23:02,377 [Worker-30: Building] INFO  o.a.m.s.f.DefaultMavenResourcesFiltering - skip non existing resourceDirectory C:\Users\Lenovo\Desktop\PageObjectModelTestPractice\PageObjectModelTest\src\main\resources
2024-08-25 15:23:02,379 [Worker-30: Building] INFO  o.a.m.s.f.DefaultMavenResourcesFiltering - skip non existing resourceDirectory C:\Users\Lenovo\Desktop\PageObjectModelTestPractice\PageObjectModelTest\src\test\resources
2024-08-25 15:23:57,455 [Worker-30: Building] INFO  o.a.m.s.f.DefaultMavenResourcesFiltering - skip non existing resourceDirectory C:\Users\Lenovo\Desktop\PageObjectModelTestPractice\PageObjectModelTest\src\main\resources
2024-08-25 15:23:57,457 [Worker-30: Building] INFO  o.a.m.s.f.DefaultMavenResourcesFiltering - skip non existing resourceDirectory C:\Users\Lenovo\Desktop\PageObjectModelTestPractice\PageObjectModelTest\src\test\resources
2024-08-25 15:38:19,285 [Worker-4: Loading available Gradle versions] INFO  o.e.b.c.i.u.g.PublishedGradleVersions - Gradle version information cache is up-to-date. Trying to read.
